<?xml version="1.0" encoding="UTF-8"?>
<!-- Generated by org.testng.reporters.JUnitXMLReporter -->
<testsuite hostname="DESKTOP-E6J7T5V" ignored="0" name="Test" tests="1" failures="1" timestamp="06 Jul 2021 06:35:29 GMT" time="0.996" errors="0">
  <testcase name="initialDemo" time="0.17" classname="packageA.DemoA">
    <failure type="java.lang.IllegalStateException" message="The driver executable does not exist: C:\Users\HP\eclipse-workspace\ExtRpt\src\main\java\WebDrivers\chromedriver.exe">
      <![CDATA[java.lang.IllegalStateException: The driver executable does not exist: C:\Users\HP\eclipse-workspace\ExtRpt\src\main\java\WebDrivers\chromedriver.exe
at com.google.common.base.Preconditions.checkState(Preconditions.java:585)
at org.openqa.selenium.remote.service.DriverService.checkExecutable(DriverService.java:146)
at org.openqa.selenium.remote.service.DriverService.findExecutable(DriverService.java:141)
at org.openqa.selenium.chrome.ChromeDriverService.access$000(ChromeDriverService.java:35)
at org.openqa.selenium.chrome.ChromeDriverService$Builder.findDefaultExecutable(ChromeDriverService.java:159)
at org.openqa.selenium.remote.service.DriverService$Builder.build(DriverService.java:355)
at org.openqa.selenium.chrome.ChromeDriverService.createDefaultService(ChromeDriverService.java:94)
at org.openqa.selenium.chrome.ChromeDriver.<init>(ChromeDriver.java:123)
at packageA.DemoA.initialDemo(DemoA.java:47)
... Removed 25 stack frames]]>
    </failure>
  </testcase> <!-- initialDemo -->
</testsuite> <!-- Test -->
